<?xml version="1.0" encoding="UTF-8"?>
<!-- Generated by org.testng.reporters.JUnitXMLReporter -->
<testsuite ignored="1" hostname="Anil-Kumar" failures="0" tests="4" name="Default test" time="0.137" errors="0" timestamp="2023-07-27T11:37:05 IST">
  <testcase classname="selenium.TESTNG_keyword" name="TestA" time="0.012"/>
  <testcase classname="selenium.TESTNG_keyword" name="TestB" time="0.002"/>
  <testcase classname="selenium.TESTNG_keyword" name="TestC" time="0.016"/>
  <testcase classname="selenium.TESTNG_keyword" name="TestD" time="0.001"/>
  <testcase classname="selenium.TESTNG_keyword" name="TestE" time="0.0">
    <ignored/>
  </testcase> <!-- TestE -->
</testsuite> <!-- Default test -->
