<?xml version="1.0" encoding="UTF-8"?>
<testng-results ignored="1" total="5" passed="4" failed="0" skipped="0">
  <reporter-output>
  </reporter-output>
  <suite started-at="2023-07-27T11:37:05 IST" name="Default suite" finished-at="2023-07-27T11:37:05 IST" duration-ms="137">
    <groups>
    </groups>
    <test started-at="2023-07-27T11:37:05 IST" name="Default test" finished-at="2023-07-27T11:37:05 IST" duration-ms="137">
      <class name="selenium.TESTNG_keyword">
        <test-method is-config="true" signature="beforeClass()[pri:0, instance:selenium.TESTNG_keyword@4f2b503c]" started-at="2023-07-27T11:37:05 IST" name="beforeClass" finished-at="2023-07-27T11:37:05 IST" duration-ms="12" status="PASS">
          <reporter-output>
          </reporter-output>
        </test-method> <!-- beforeClass -->
        <test-method is-config="true" signature="beforemethod()[pri:0, instance:selenium.TESTNG_keyword@4f2b503c]" started-at="2023-07-27T11:37:05 IST" name="beforemethod" finished-at="2023-07-27T11:37:05 IST" duration-ms="1" status="PASS">
          <reporter-output>
          </reporter-output>
        </test-method> <!-- beforemethod -->
        <test-method signature="TestA()[pri:1, instance:selenium.TESTNG_keyword@4f2b503c]" started-at="2023-07-27T11:37:05 IST" name="TestA" finished-at="2023-07-27T11:37:05 IST" duration-ms="12" status="PASS">
          <reporter-output>
          </reporter-output>
        </test-method> <!-- TestA -->
        <test-method is-config="true" signature="afterMethod()[pri:0, instance:selenium.TESTNG_keyword@4f2b503c]" started-at="2023-07-27T11:37:05 IST" name="afterMethod" finished-at="2023-07-27T11:37:05 IST" duration-ms="0" status="PASS">
          <reporter-output>
          </reporter-output>
        </test-method> <!-- afterMethod -->
        <test-method is-config="true" signature="beforemethod()[pri:0, instance:selenium.TESTNG_keyword@4f2b503c]" started-at="2023-07-27T11:37:05 IST" name="beforemethod" finished-at="2023-07-27T11:37:05 IST" duration-ms="0" status="PASS">
          <reporter-output>
          </reporter-output>
        </test-method> <!-- beforemethod -->
        <test-method signature="TestB()[pri:1, instance:selenium.TESTNG_keyword@4f2b503c]" started-at="2023-07-27T11:37:05 IST" name="TestB" finished-at="2023-07-27T11:37:05 IST" duration-ms="2" status="PASS">
          <reporter-output>
          </reporter-output>
        </test-method> <!-- TestB -->
        <test-method is-config="true" signature="afterMethod()[pri:0, instance:selenium.TESTNG_keyword@4f2b503c]" started-at="2023-07-27T11:37:05 IST" name="afterMethod" finished-at="2023-07-27T11:37:05 IST" duration-ms="0" status="PASS">
          <reporter-output>
          </reporter-output>
        </test-method> <!-- afterMethod -->
        <test-method signature="TestC()[pri:1, instance:selenium.TESTNG_keyword@4f2b503c]" started-at="2023-07-27T11:37:05 IST" name="TestC" finished-at="2023-07-27T11:37:05 IST" duration-ms="16" status="PASS">
          <reporter-output>
          </reporter-output>
        </test-method> <!-- TestC -->
        <test-method is-config="true" signature="beforemethod()[pri:0, instance:selenium.TESTNG_keyword@4f2b503c]" started-at="2023-07-27T11:37:05 IST" name="beforemethod" finished-at="2023-07-27T11:37:05 IST" duration-ms="0" status="PASS">
          <reporter-output>
          </reporter-output>
        </test-method> <!-- beforemethod -->
        <test-method is-config="true" signature="afterMethod()[pri:0, instance:selenium.TESTNG_keyword@4f2b503c]" started-at="2023-07-27T11:37:05 IST" name="afterMethod" finished-at="2023-07-27T11:37:05 IST" duration-ms="0" status="PASS">
          <reporter-output>
          </reporter-output>
        </test-method> <!-- afterMethod -->
        <test-method signature="TestD()[pri:2, instance:selenium.TESTNG_keyword@4f2b503c]" started-at="2023-07-27T11:37:05 IST" name="TestD" finished-at="2023-07-27T11:37:05 IST" depends-on-methods="selenium.TESTNG_keyword.TestC" duration-ms="1" status="PASS">
          <reporter-output>
          </reporter-output>
        </test-method> <!-- TestD -->
        <test-method is-config="true" signature="beforemethod()[pri:0, instance:selenium.TESTNG_keyword@4f2b503c]" started-at="2023-07-27T11:37:05 IST" name="beforemethod" finished-at="2023-07-27T11:37:05 IST" duration-ms="0" status="PASS">
          <reporter-output>
          </reporter-output>
        </test-method> <!-- beforemethod -->
        <test-method is-config="true" signature="afterMethod()[pri:0, instance:selenium.TESTNG_keyword@4f2b503c]" started-at="2023-07-27T11:37:05 IST" name="afterMethod" finished-at="2023-07-27T11:37:05 IST" duration-ms="0" status="PASS">
          <reporter-output>
          </reporter-output>
        </test-method> <!-- afterMethod -->
        <test-method is-config="true" signature="afterClass()[pri:0, instance:selenium.TESTNG_keyword@4f2b503c]" started-at="2023-07-27T11:37:05 IST" name="afterClass" finished-at="2023-07-27T11:37:05 IST" duration-ms="0" status="PASS">
          <reporter-output>
          </reporter-output>
        </test-method> <!-- afterClass -->
      </class> <!-- selenium.TESTNG_keyword -->
    </test> <!-- Default test -->
  </suite> <!-- Default suite -->
</testng-results>
